framework/proguard/seeds.txt
com.wkz.framework.functions.imageviewer.FRImageViewerActivity$4
com.wkz.framework.R$attr: int srlEnableFooterTranslationContent
com.wkz.framework.R$drawable: int abc_list_focused_holo
com.wkz.framework.bases.FRBaseFragment: <clinit>()
com.wkz.framework.functions.web.FRWebView: java.lang.ref.WeakReference mFragment
com.wkz.framework.widgets.statuslayout.FRStatusLayoutManager$Builder: com.wkz.framework.widgets.statuslayout.FRStatusLayoutManager$Builder setDefaultEmptyClickViewVisible(boolean)
com.wkz.framework.functions.web.FRWebView: float mTouchSlop
com.wkz.framework.bases.FRBaseActivity: void onConfigurationChanged(android.content.res.Configuration)
com.wkz.framework.R$attr: int titleMargin
com.wkz.framework.widgets.overscroll.FROverScrollFrameLayout: boolean onRequestFocusInDescendants(int,android.graphics.Rect)
com.wkz.framework.R$dimen: int mtrl_btn_icon_btn_padding_left
com.wkz.framework.R$styleable: int AppCompatTheme_actionModeCloseDrawable
com.wkz.framework.widgets.FRCardView: int defaultCardBackgroundColor
com.wkz.framework.R$id: int up
com.wkz.framework.widgets.overscroll.FROverScrollFrameLayout: android.graphics.Rect mTempRect
com.wkz.framework.R$mipmap: int fr_loading11
com.wkz.framework.models.FRActivityAnimator: void fadeInFadeOut(android.app.Activity)
com.wkz.framework.functions.retrofit.ssl.FRNoSSLv3SocketFactory$DelegateSSLSocket: javax.net.ssl.SSLSession getSession()
com.wkz.framework.widgets.ripple.FRMaterialRippleLayout: int positionInAdapter
com.wkz.framework.R$styleable: int CoordinatorLayout_Layout_layout_anchor
com.wkz.framework.R$styleable: int MaterialButton_backgroundTintMode
com.wkz.framework.R$styleable: int FRSlidingLayout_fr_sliding_pointer_mode
com.wkz.framework.utils.IntentUtils: void startImplicitActivityForResult(android.content.Context,java.lang.String,int)
com.wkz.framework.R$styleable: int Chip_chipIcon
com.wkz.framework.R$id: int line1
com.wkz.framework.bases.FRBaseFragment$1: void onKeyboardChange(boolean,int)
com.wkz.framework.R$animator: int mtrl_btn_unelevated_state_list_anim
com.wkz.framework.functions.retrofit.FRHttpException: int mCode
com.wkz.framework.models.GlideRequest: com.wkz.framework.models.GlideRequest thumbnail(com.bumptech.glide.RequestBuilder[])
com.wkz.framework.R$string: int fr_recycler_loadfailed
com.wkz.framework.widgets.recycleradapter.FRCommonRecyclerAdapter: java.util.ArrayList mItemChildListeners
com.wkz.framework.widgets.ripple.FRMaterialRippleLayout$Builder: boolean rippleHover
com.wkz.framework.widgets.FRCardView: int getLeftShadowSize()
com.wkz.framework.R$styleable: int FRShapeImageView_fr_siv_pressed_alpha
com.wkz.framework.R$drawable: int abc_btn_default_mtrl_shape
com.wkz.framework.functions.file.model.FRVideoBean: java.lang.String name
com.wkz.framework.functions.file.model.FRMusicBean: void setDuration(int)
com.wkz.framework.R$color: int abc_primary_text_material_dark
com.wkz.framework.models.GlideRequest
com.wkz.framework.widgets.ripple.FRMaterialRippleLayout$3: com.wkz.framework.widgets.ripple.FRMaterialRippleLayout this$0
com.wkz.framework.R$color: int abc_color_highlight_material
com.wkz.framework.R$styleable: int FRCardView_fr_cv_cornerRadius
com.wkz.framework.R$style: int Platform_ThemeOverlay_AppCompat_Light
com.wkz.framework.widgets.statuslayout.FRStatusLayoutManager$Builder: com.wkz.framework.widgets.statuslayout.FRStatusLayoutManager$Builder setDefaultErrorText(int)
com.wkz.framework.widgets.FRInsLoadingView: int mRotateDuration
com.wkz.framework.R$style: int TextAppearance_AppCompat_Light_Widget_PopupMenu_Large
com.wkz.framework.BuildConfig: BuildConfig()
com.wkz.framework.R$attr: int autoSizeMinTextSize
com.wkz.framework.R$styleable: int FRCircleProgressView_fr_cpv_innerBackgroundColor
com.wkz.framework.widgets.recycleradapter.FRBaseRecyclerAdapter: com.wkz.framework.widgets.recycleradapter.FRBaseRecyclerAdapter insert(java.util.List)
com.wkz.framework.functions.retrofit.FRRetrofitFactory: okhttp3.OkHttpClient mOkHttpClient
...
com.github.chrisbanes.photoview.R$id: int action_mode_close_button
android.support.v7.appcompat.R$anim: int abc_fade_in
android.support.design.R$attr: int actionBarWidgetTheme
android.support.compat.R$styleable: int GradientColor_android_tileMode
com.wkz.videoplayer.R$styleable: int AppCompatTheme_ratingBarStyleSmall
android.support.graphics.drawable.R$color: int secondary_text_default_material_light
com.github.chrisbanes.photoview.R$anim: int abc_slide_out_top
com.hp.hpl.sparta.Sparta: Sparta()
com.wkz.videoplayer.R$styleable: int[] CoordinatorLayout
com.jakewharton.rxbinding2.support.design.R$dimen: int notification_right_icon_size
com.github.chrisbanes.photoview.R$id: int expand_activities_button
com.jakewharton.rxbinding2.support.design.R$string: int abc_action_menu_overflow_description
com.jakewharton.rxbinding2.support.v7.appcompat.R$attr: int actionMenuTextColor
com.jakewharton.rxbinding2.support.v7.appcompat.R$attr: int spinnerStyle
com.trello.rxlifecycle2.components.R$string
com.jakewharton.rxbinding2.support.design.R$styleable: int BottomNavigationView_itemTextAppearanceInactive
android.support.loader.R$styleable: int[] GradientColor
com.jakewharton.rxbinding2.support.design.R$layout: int design_navigation_item_subheader
com.jakewharton.rxbinding2.support.design.R$attr: int layout_scrollInterpolator
com.wkz.glideimageview.R$integer: int cancel_button_image_alpha
com.wkz.videoplayer.R$layout: int abc_list_menu_item_radio
com.github.chrisbanes.photoview.R$styleable: int MenuItem_actionLayout
com.scwang.smartrefresh.header.R$styleable: int TaurusHeader_thPrimaryColor
com.github.chrisbanes.photoview.R$style: int Widget_AppCompat_Toolbar
com.wkz.videoplayer.R$styleable: int AppCompatTheme_checkedTextViewStyle
android.support.design.R$attr: int fastScrollVerticalThumbDrawable
com.wkz.viewer.R$attr: int backgroundTint
com.wkz.utils.AppUtils: boolean isAppInBackground()
com.jakewharton.rxbinding2.support.v7.appcompat.R$dimen: int abc_cascading_menus_min_smallest_width
com.wkz.viewer.R$style: int ThemeOverlay_AppCompat_Dark_ActionBar
com.wkz.videoplayer.R$style: int RtlOverlay_Widget_AppCompat_PopupMenuItem
demo.Pinyin4jAppletDemo: javax.swing.JPanel getFormattedCharPanel()
android.support.v7.appcompat.R$attr: int seekBarStyle
android.support.design.R$styleable: int AppBarLayout_android_background
com.wkz.videoplayer.R$color: int material_blue_grey_950
android.support.design.R$style: int RtlOverlay_Widget_AppCompat_PopupMenuItem_Text
com.jakewharton.rxbinding2.support.v7.appcompat.R$dimen: int notification_subtext_size
com.wkz.videoplayer.R$styleable: int AppCompatTheme_spinnerDropDownItemStyle
com.wkz.viewer.R$attr: int trackTint
com.jakewharton.rxbinding2.support.v7.appcompat.R$layout: int abc_popup_menu_item_layout
android.support.slidingpanelayout.R$id: int notification_main_column_container
com.wkz.videoplayer.R$style: int RtlOverlay_Widget_AppCompat_Search_DropDown_Icon1
com.wkz.viewer.R$styleable: int[] FRImageViewer
com.wkz.videoplayer.R$string: int abc_menu_space_shortcut_label
com.github.chrisbanes.photoview.R$styleable: <clinit>()
com.jakewharton.rxbinding2.support.design.R$attr: int editTextBackground
com.jakewharton.rxbinding2.support.design.R$style: int Base_TextAppearance_AppCompat_Large
android.support.coordinatorlayout.R$drawable: int notification_template_icon_low_bg
android.support.slidingpanelayout.R$styleable: int GradientColor_android_type
android.support.v7.appcompat.R$attr: int titleTextAppearance
com.trello.rxlifecycle2.components.R$styleable: int AppCompatTheme_actionModeCloseDrawable
android.support.v7.viewpager.R$drawable: int notification_bg_low_pressed
com.wkz.videoplayer.R$dimen: int abc_button_padding_horizontal_material
android.support.v7.appcompat.R$styleable: int View_theme
android.support.design.R$color: int switch_thumb_disabled_material_light
android.support.coreutils.R$id: int notification_main_column
android.support.v7.appcompat.R$drawable: int abc_seekbar_track_material