framework/proguard/mapping.txt
# compiler: R8
# compiler_version: 1.4.94
# min_api: 1
com.wkz.framework.BR -> b.d.a.a:
    int isHideCover -> b
    int _all -> a
    4:6:void <clinit>() -> <clinit>
    3:3:void <init>() -> <init>
com.wkz.framework.BuildConfig -> com.wkz.framework.BuildConfig:
    7:7:void <clinit>() -> <clinit>
    6:6:void <init>() -> <init>
com.wkz.framework.DataBinderMapperImpl -> com.wkz.framework.DataBinderMapperImpl:
    android.util.SparseIntArray INTERNAL_LAYOUT_ID_LOOKUP -> d
    int LAYOUT_FRACTIVITYWEBPAGE -> b
    int LAYOUT_FRLAYOUTIMAGECOVER -> c
    int LAYOUT_FRACTIVITYIMAGEVIEWER -> a
    29:35:void <clinit>() -> <clinit>
    22:22:void <init>() -> <init>
    103:105:java.util.List collectDependencies() -> collectDependencies
    97:98:java.lang.String convertBrIdToString(int) -> convertBrIdToString
    39:66:android.databinding.ViewDataBinding getDataBinder(android.databinding.DataBindingComponent,android.view.View,int) -> getDataBinder
    71:72:android.databinding.ViewDataBinding getDataBinder(android.databinding.DataBindingComponent,android.view.View[],int) -> getDataBinder
    88:92:int getLayoutId(java.lang.String) -> getLayoutId
com.wkz.framework.DataBinderMapperImpl$InnerBrLookup -> com.wkz.framework.DataBinderMapperImpl$a:
    android.util.SparseArray sKeys -> a
    109:114:void <clinit>() -> <clinit>
    108:108:void <init>() -> <init>
com.wkz.framework.DataBinderMapperImpl$InnerLayoutIdLookup -> com.wkz.framework.DataBinderMapperImpl$b:
    java.util.HashMap sKeys -> a
    118:124:void <clinit>() -> <clinit>
    117:117:void <init>() -> <init>
com.wkz.framework.DataBindingInfo -> b.d.a.b:
    6:6:void <init>() -> <init>
com.wkz.framework.FRApplication -> com.wkz.framework.FRApplication:
    com.wkz.framework.FRApplication instance -> a
    10:10:void <init>() -> <init>
    15:15:com.wkz.framework.FRApplication getContext() -> a
    20:22:void attachBaseContext(android.content.Context) -> attachBaseContext
    37:38:void startInitializeService() -> b
    26:31:void onCreate() -> onCreate
com.wkz.framework.annotations.FRNetworkState -> b.d.a.a.b:
    int MobileActive -> f
    int Unavailable -> d
    int WifiActive -> e
com.wkz.framework.annotations.FRReceiverType -> b.d.a.a.c:
    java.lang.String HOME -> b
com.wkz.framework.bases.FRBaseActivity -> com.wkz.framework.bases.FRBaseActivity:
    46:46:void <clinit>() -> <clinit>
    42:42:void <init>() -> <init>
    269:269:com.trello.rxlifecycle2.LifecycleTransformer bindToLife() -> bindToLife
    251:265:void doExitAnimation() -> doExitAnimation
    225:230:void finish() -> finish
    281:284:void hideLoading() -> hideLoading
    236:243:void hideSoftKeyBoard() -> hideSoftKeyBoard
    119:160:void initImmersionBar() -> initImmersionBar
    112:112:boolean isImmersionBarEnabled() -> isImmersionBarEnabled
    402:402:com.wkz.framework.widgets.ripple.FRMaterialRippleLayout materialRipple(android.view.View,android.view.View$OnClickListener) -> materialRipple
    412:420:com.wkz.framework.widgets.ripple.FRMaterialRippleLayout materialRipple(android.view.View,boolean,android.view.View$OnClickListener) -> materialRipple
    212:221:void onBackPressed() -> onBackPressed
    372:372:void onClickHome() -> onClickHome
    379:379:void onClickRecents() -> onClickRecents
    199:207:void onConfigurationChanged(android.content.res.Configuration) -> onConfigurationChanged
    61:87:void onCreate(android.os.Bundle) -> onCreate
    331:331:void onCustomerChildClick(android.view.View) -> onCustomerChildClick
    189:195:void onDestroy() -> onDestroy
    320:321:void onEmptyChildClick(android.view.View) -> onEmptyChildClick
    325:326:void onErrorChildClick(android.view.View) -> onErrorChildClick
com.wkz.framework.bases.FRBaseActivity$1 -> b.d.a.b.a:
    com.wkz.framework.bases.FRBaseActivity this$0 -> a
    153:153:void <init>(com.wkz.framework.bases.FRBaseActivity) -> <init>
    156:157:void onKeyboardChange(boolean,int) -> onKeyboardChange
...
com.hp.hpl.sparta.xpath.PositionEqualsExpr -> b.c.a.a.a.r:
    int position_ -> a
    void accept(com.hp.hpl.sparta.xpath.BooleanExprVisitor) -> a
    int getPosition() -> a
com.hp.hpl.sparta.xpath.SimpleStreamTokenizer -> b.c.a.a.a.s:
    java.io.Reader reader_ -> k
    boolean pushedBack_ -> m
    java.lang.String sval -> h
    int nextType_ -> j
    char inQuote_ -> n
    int ttype -> f
    int nval -> g
    int WHITESPACE -> d
    int QUOTE -> e
    int TT_NUMBER -> b
    int TT_WORD -> c
    int TT_EOF -> a
    java.lang.StringBuffer buf_ -> i
    int[] charType_ -> l
    int nextToken() -> a
    void ordinaryChar(char) -> a
    void wordChars(char,char) -> a
    void pushBack() -> b
com.hp.hpl.sparta.xpath.Step -> b.c.a.a.a.t:
    com.hp.hpl.sparta.xpath.BooleanExpr predicate_ -> c
    com.hp.hpl.sparta.xpath.NodeTest nodeTest_ -> b
    com.hp.hpl.sparta.xpath.Step DOT -> a
    boolean multiLevel_ -> d
    com.hp.hpl.sparta.xpath.NodeTest getNodeTest() -> a
    com.hp.hpl.sparta.xpath.BooleanExpr getPredicate() -> b
    boolean isMultiLevel() -> c
    boolean isStringValue() -> d
com.hp.hpl.sparta.xpath.TextCompareExpr -> b.c.a.a.a.u:
    java.lang.String value_ -> a
    java.lang.String getValue() -> a
    java.lang.String toString(java.lang.String) -> a
com.hp.hpl.sparta.xpath.TextEqualsExpr -> b.c.a.a.a.v:
    void accept(com.hp.hpl.sparta.xpath.BooleanExprVisitor) -> a
com.hp.hpl.sparta.xpath.TextExistsExpr -> b.c.a.a.a.w:
    com.hp.hpl.sparta.xpath.TextExistsExpr INSTANCE -> a
    void accept(com.hp.hpl.sparta.xpath.BooleanExprVisitor) -> a
com.hp.hpl.sparta.xpath.TextNotEqualsExpr -> b.c.a.a.a.x:
    void accept(com.hp.hpl.sparta.xpath.BooleanExprVisitor) -> a
com.hp.hpl.sparta.xpath.TextTest -> b.c.a.a.a.y:
    com.hp.hpl.sparta.xpath.TextTest INSTANCE -> a
    void accept(com.hp.hpl.sparta.xpath.Visitor) -> a
    boolean isStringValue() -> a
com.hp.hpl.sparta.xpath.ThisNodeTest -> b.c.a.a.a.z:
    com.hp.hpl.sparta.xpath.ThisNodeTest INSTANCE -> a
    void accept(com.hp.hpl.sparta.xpath.Visitor) -> a
    boolean isStringValue() -> a
com.hp.hpl.sparta.xpath.TrueExpr -> b.c.a.a.a.A:
    com.hp.hpl.sparta.xpath.TrueExpr INSTANCE -> a
    void accept(com.hp.hpl.sparta.xpath.BooleanExprVisitor) -> a
com.hp.hpl.sparta.xpath.Visitor -> b.c.a.a.a.B:
com.hp.hpl.sparta.xpath.XPath -> b.c.a.a.a.C:
    java.util.Hashtable cache_ -> b
    java.util.Stack steps_ -> c
    java.lang.String string_ -> e
    int ASSERTION -> a
    boolean absolute_ -> d
    com.hp.hpl.sparta.xpath.XPath get(java.lang.String) -> a
    com.hp.hpl.sparta.xpath.XPath get(boolean,com.hp.hpl.sparta.xpath.Step[]) -> a
    java.lang.String getIndexingAttrName() -> a
    java.lang.String getIndexingAttrNameOfEquals() -> b
    boolean isStringValue(java.lang.String) -> b
    java.util.Enumeration getSteps() -> c
    boolean isAbsolute() -> d
    boolean isStringValue() -> e
    java.lang.String generateString() -> f
com.hp.hpl.sparta.xpath.XPathException -> com.hp.hpl.sparta.xpath.XPathException:
    java.lang.String toString(com.hp.hpl.sparta.xpath.SimpleStreamTokenizer) -> a
    java.lang.String tokenToString(com.hp.hpl.sparta.xpath.SimpleStreamTokenizer) -> b
com.wkz.unit.MemoryUnit -> b.d.a.a.a:
    long XB -> B
    long CB -> A
    long DB -> z
    long NB -> y
    long ZB -> v
    long EB -> u
    long BB -> x
    long YB -> w
    long GB -> r
    long MB -> q
    long PB -> t
    long TB -> s
    long KB -> p
    long BYTE -> o
    15:67:void <clinit>() -> <clinit>
com.wkz.unit.TimeUnit -> b.d.a.a.d:
    long MINUTE -> j
    long SECOND -> i
    long DAY -> l
    long HOUR -> k
    long MILLISECOND -> h
    long YEAR -> n
    long MONTH -> m